2017-01-31 10:30:56.974  INFO 7504 --- [main] c.a.s.SpringBootWebActuatorApplication   : Starting SpringBootWebActuatorApplication on DESKTOP-BFBD443 with PID 7504 (started by jsolmom in D:\pub\14.Pro_Spring_Boot\예제코드(번역)\pro-spring-boot-master\ch11\spring-boot-web-actuator)
2017-01-31 10:30:56.985  INFO 7504 --- [main] c.a.s.SpringBootWebActuatorApplication   : No active profile set, falling back to default profiles: default
2017-01-31 10:30:57.365  INFO 7504 --- [main] ationConfigEmbeddedWebApplicationContext : Refreshing org.springframework.boot.context.embedded.AnnotationConfigEmbeddedWebApplicationContext@30c93896: startup date [Tue Jan 31 10:30:57 KST 2017]; root of context hierarchy
2017-01-31 10:31:07.578  INFO 7504 --- [main] o.s.b.f.s.DefaultListableBeanFactory     : Overriding bean definition for bean 'beanNameViewResolver' with a different definition: replacing [Root bean: class [null]; scope=; abstract=false; lazyInit=false; autowireMode=3; dependencyCheck=0; autowireCandidate=true; primary=false; factoryBeanName=org.springframework.boot.autoconfigure.web.ErrorMvcAutoConfiguration$WhitelabelErrorViewConfiguration; factoryMethodName=beanNameViewResolver; initMethodName=null; destroyMethodName=(inferred); defined in class path resource [org/springframework/boot/autoconfigure/web/ErrorMvcAutoConfiguration$WhitelabelErrorViewConfiguration.class]] with [Root bean: class [null]; scope=; abstract=false; lazyInit=false; autowireMode=3; dependencyCheck=0; autowireCandidate=true; primary=false; factoryBeanName=org.springframework.boot.autoconfigure.web.WebMvcAutoConfiguration$WebMvcAutoConfigurationAdapter; factoryMethodName=beanNameViewResolver; initMethodName=null; destroyMethodName=(inferred); defined in class path resource [org/springframework/boot/autoconfigure/web/WebMvcAutoConfiguration$WebMvcAutoConfigurationAdapter.class]]
2017-01-31 10:31:07.854  INFO 7504 --- [main] o.s.b.f.s.DefaultListableBeanFactory     : Overriding bean definition for bean 'ignoredPathsWebSecurityConfigurerAdapter' with a different definition: replacing [Root bean: class [null]; scope=; abstract=false; lazyInit=false; autowireMode=3; dependencyCheck=0; autowireCandidate=true; primary=false; factoryBeanName=org.springframework.boot.autoconfigure.security.SpringBootWebSecurityConfiguration; factoryMethodName=ignoredPathsWebSecurityConfigurerAdapter; initMethodName=null; destroyMethodName=(inferred); defined in class path resource [org/springframework/boot/autoconfigure/security/SpringBootWebSecurityConfiguration.class]] with [Root bean: class [null]; scope=; abstract=false; lazyInit=false; autowireMode=3; dependencyCheck=0; autowireCandidate=true; primary=false; factoryBeanName=org.springframework.boot.actuate.autoconfigure.ManagementWebSecurityAutoConfiguration; factoryMethodName=ignoredPathsWebSecurityConfigurerAdapter; initMethodName=null; destroyMethodName=(inferred); defined in class path resource [org/springframework/boot/actuate/autoconfigure/ManagementWebSecurityAutoConfiguration.class]]
2017-01-31 10:31:11.289  INFO 7504 --- [main] trationDelegate$BeanPostProcessorChecker : Bean 'org.springframework.transaction.annotation.ProxyTransactionManagementConfiguration' of type [class org.springframework.transaction.annotation.ProxyTransactionManagementConfiguration$$EnhancerBySpringCGLIB$$3a03e83] is not eligible for getting processed by all BeanPostProcessors (for example: not eligible for auto-proxying)
2017-01-31 10:31:15.268  INFO 7504 --- [main] s.b.c.e.t.TomcatEmbeddedServletContainer : Tomcat initialized with port(s): 8080 (http)
2017-01-31 10:31:15.499  INFO 7504 --- [main] o.apache.catalina.core.StandardService   : Starting service Tomcat
2017-01-31 10:31:15.501  INFO 7504 --- [main] org.apache.catalina.core.StandardEngine  : Starting Servlet Engine: Apache Tomcat/8.0.30
2017-01-31 10:31:16.366  INFO 7504 --- [localhost-startStop-1] o.a.c.c.C.[Tomcat].[localhost].[/]       : Initializing Spring embedded WebApplicationContext
2017-01-31 10:31:16.368  INFO 7504 --- [localhost-startStop-1] o.s.web.context.ContextLoader            : Root WebApplicationContext: initialization completed in 19012 ms
2017-01-31 10:31:19.583  INFO 7504 --- [localhost-startStop-1] o.s.b.c.embedded.FilterRegistrationBean  : Mapping filter: 'metricFilter' to: [/*]
2017-01-31 10:31:19.586  INFO 7504 --- [localhost-startStop-1] o.s.b.c.embedded.FilterRegistrationBean  : Mapping filter: 'characterEncodingFilter' to: [/*]
2017-01-31 10:31:19.590  INFO 7504 --- [localhost-startStop-1] o.s.b.c.embedded.FilterRegistrationBean  : Mapping filter: 'hiddenHttpMethodFilter' to: [/*]
2017-01-31 10:31:19.627  INFO 7504 --- [localhost-startStop-1] o.s.b.c.embedded.FilterRegistrationBean  : Mapping filter: 'httpPutFormContentFilter' to: [/*]
2017-01-31 10:31:19.629  INFO 7504 --- [localhost-startStop-1] o.s.b.c.embedded.FilterRegistrationBean  : Mapping filter: 'requestContextFilter' to: [/*]
2017-01-31 10:31:19.894  INFO 7504 --- [localhost-startStop-1] .e.DelegatingFilterProxyRegistrationBean : Mapping filter: 'springSecurityFilterChain' to: [/*]
2017-01-31 10:31:19.894  INFO 7504 --- [localhost-startStop-1] o.s.b.c.embedded.FilterRegistrationBean  : Mapping filter: 'webRequestLoggingFilter' to: [/*]
2017-01-31 10:31:19.895  INFO 7504 --- [localhost-startStop-1] o.s.b.c.embedded.FilterRegistrationBean  : Mapping filter: 'applicationContextIdFilter' to: [/*]
2017-01-31 10:31:19.916  INFO 7504 --- [localhost-startStop-1] o.s.b.c.e.ServletRegistrationBean        : Mapping servlet: 'dispatcherServlet' to [/]
2017-01-31 10:31:19.921  INFO 7504 --- [localhost-startStop-1] o.s.b.c.e.ServletRegistrationBean        : Mapping servlet: 'webServlet' to [/h2-console/*]
2017-01-31 10:31:23.138  INFO 7504 --- [localhost-startStop-1] b.a.s.AuthenticationManagerConfiguration : 

Using default security password: b56e7d45-e548-4738-929b-763d067bed0d

2017-01-31 10:31:25.599  INFO 7504 --- [localhost-startStop-1] o.s.s.web.DefaultSecurityFilterChain     : Creating filter chain: OrRequestMatcher [requestMatchers=[Ant [pattern='/css/**'], Ant [pattern='/js/**'], Ant [pattern='/images/**'], Ant [pattern='/**/favicon.ico'], Ant [pattern='/error'], Ant [pattern='/monitor/**']]], []
2017-01-31 10:31:26.199  INFO 7504 --- [localhost-startStop-1] o.s.s.web.DefaultSecurityFilterChain     : Creating filter chain: Ant [pattern='/h2-console/**'], [org.springframework.security.web.context.request.async.WebAsyncManagerIntegrationFilter@3c296218, org.springframework.security.web.context.SecurityContextPersistenceFilter@e94d748, org.springframework.security.web.header.HeaderWriterFilter@31753ad7, org.springframework.security.web.authentication.logout.LogoutFilter@75654501, org.springframework.security.web.authentication.www.BasicAuthenticationFilter@16f893a5, org.springframework.security.web.savedrequest.RequestCacheAwareFilter@5f22edaa, org.springframework.security.web.servletapi.SecurityContextHolderAwareRequestFilter@3cdba029, org.springframework.security.web.authentication.AnonymousAuthenticationFilter@74538f0c, org.springframework.security.web.session.SessionManagementFilter@4abc53aa, org.springframework.security.web.access.ExceptionTranslationFilter@78ebf1d5, org.springframework.security.web.access.intercept.FilterSecurityInterceptor@62413442]
2017-01-31 10:31:26.309  INFO 7504 --- [localhost-startStop-1] o.s.s.web.DefaultSecurityFilterChain     : Creating filter chain: OrRequestMatcher [requestMatchers=[Ant [pattern='/**']]], [org.springframework.security.web.context.request.async.WebAsyncManagerIntegrationFilter@5ef0e9e, org.springframework.security.web.context.SecurityContextPersistenceFilter@41298b96, org.springframework.security.web.header.HeaderWriterFilter@5c518ebc, org.springframework.security.web.authentication.logout.LogoutFilter@4db7d228, org.springframework.security.web.authentication.www.BasicAuthenticationFilter@40cf8533, org.springframework.security.web.savedrequest.RequestCacheAwareFilter@10fd3c73, org.springframework.security.web.servletapi.SecurityContextHolderAwareRequestFilter@408964be, org.springframework.security.web.authentication.AnonymousAuthenticationFilter@4f6dded9, org.springframework.security.web.session.SessionManagementFilter@575b4d1a, org.springframework.security.web.access.ExceptionTranslationFilter@62566a7a, org.springframework.security.web.access.intercept.FilterSecurityInterceptor@7d80491c]
2017-01-31 10:31:39.424  INFO 7504 --- [main] j.LocalContainerEntityManagerFactoryBean : Building JPA container EntityManagerFactory for persistence unit 'default'
2017-01-31 10:31:39.561  INFO 7504 --- [main] o.hibernate.jpa.internal.util.LogHelper  : HHH000204: Processing PersistenceUnitInfo [
	name: default
	...]
2017-01-31 10:31:40.261  INFO 7504 --- [main] org.hibernate.Version                    : HHH000412: Hibernate Core {4.3.11.Final}
2017-01-31 10:31:40.271  INFO 7504 --- [main] org.hibernate.cfg.Environment            : HHH000206: hibernate.properties not found
2017-01-31 10:31:40.280  INFO 7504 --- [main] org.hibernate.cfg.Environment            : HHH000021: Bytecode provider name : javassist
2017-01-31 10:31:41.879  INFO 7504 --- [main] o.hibernate.annotations.common.Version   : HCANN000001: Hibernate Commons Annotations {4.0.5.Final}
2017-01-31 10:31:42.326  INFO 7504 --- [main] org.hibernate.dialect.Dialect            : HHH000400: Using dialect: org.hibernate.dialect.H2Dialect
2017-01-31 10:31:42.910  INFO 7504 --- [main] o.h.h.i.ast.ASTQueryTranslatorFactory    : HHH000397: Using ASTQueryTranslatorFactory
2017-01-31 10:31:46.762  INFO 7504 --- [main] s.w.s.m.m.a.RequestMappingHandlerAdapter : Looking for @ControllerAdvice: org.springframework.boot.context.embedded.AnnotationConfigEmbeddedWebApplicationContext@30c93896: startup date [Tue Jan 31 10:30:57 KST 2017]; root of context hierarchy
2017-01-31 10:31:47.508  INFO 7504 --- [main] s.w.s.m.m.a.RequestMappingHandlerMapping : Mapped "{[/]}" onto public java.lang.String com.apress.spring.SpringBootWebActuatorApplication.index()
2017-01-31 10:31:47.538  INFO 7504 --- [main] s.w.s.m.m.a.RequestMappingHandlerMapping : Mapped "{[/error]}" onto public org.springframework.http.ResponseEntity<java.util.Map<java.lang.String, java.lang.Object>> org.springframework.boot.autoconfigure.web.BasicErrorController.error(javax.servlet.http.HttpServletRequest)
2017-01-31 10:31:47.541  INFO 7504 --- [main] s.w.s.m.m.a.RequestMappingHandlerMapping : Mapped "{[/error],produces=[text/html]}" onto public org.springframework.web.servlet.ModelAndView org.springframework.boot.autoconfigure.web.BasicErrorController.errorHtml(javax.servlet.http.HttpServletRequest,javax.servlet.http.HttpServletResponse)
2017-01-31 10:31:48.334  INFO 7504 --- [main] o.s.w.s.handler.SimpleUrlHandlerMapping  : Mapped URL path [/webjars/**] onto handler of type [class org.springframework.web.servlet.resource.ResourceHttpRequestHandler]
2017-01-31 10:31:48.336  INFO 7504 --- [main] o.s.w.s.handler.SimpleUrlHandlerMapping  : Mapped URL path [/**] onto handler of type [class org.springframework.web.servlet.resource.ResourceHttpRequestHandler]
2017-01-31 10:31:48.725  INFO 7504 --- [main] o.s.w.s.handler.SimpleUrlHandlerMapping  : Mapped URL path [/**/favicon.ico] onto handler of type [class org.springframework.web.servlet.resource.ResourceHttpRequestHandler]
2017-01-31 10:31:51.567  INFO 7504 --- [main] o.s.j.e.a.AnnotationMBeanExporter        : Registering beans for JMX exposure on startup
2017-01-31 10:31:51.612  INFO 7504 --- [main] ationConfigEmbeddedWebApplicationContext : Refreshing org.springframework.boot.context.embedded.AnnotationConfigEmbeddedWebApplicationContext@44a13699: startup date [Tue Jan 31 10:31:51 KST 2017]; parent: org.springframework.boot.context.embedded.AnnotationConfigEmbeddedWebApplicationContext@30c93896
2017-01-31 10:31:52.083  INFO 7504 --- [main] o.s.b.f.s.DefaultListableBeanFactory     : Overriding bean definition for bean 'handlerExceptionResolver' with a different definition: replacing [Root bean: class [null]; scope=; abstract=false; lazyInit=false; autowireMode=3; dependencyCheck=0; autowireCandidate=true; primary=false; factoryBeanName=org.springframework.web.servlet.config.annotation.DelegatingWebMvcConfiguration; factoryMethodName=handlerExceptionResolver; initMethodName=null; destroyMethodName=(inferred); defined in class org.springframework.web.servlet.config.annotation.DelegatingWebMvcConfiguration] with [Root bean: class [null]; scope=; abstract=false; lazyInit=false; autowireMode=3; dependencyCheck=0; autowireCandidate=true; primary=false; factoryBeanName=endpointWebMvcChildContextConfiguration; factoryMethodName=compositeHandlerExceptionResolver; initMethodName=null; destroyMethodName=(inferred); defined in org.springframework.boot.actuate.autoconfigure.EndpointWebMvcChildContextConfiguration]
2017-01-31 10:31:52.675  INFO 7504 --- [main] s.b.c.e.t.TomcatEmbeddedServletContainer : Tomcat initialized with port(s): 8081 (http)
2017-01-31 10:31:52.680  INFO 7504 --- [main] o.apache.catalina.core.StandardService   : Starting service Tomcat
2017-01-31 10:31:52.682  INFO 7504 --- [main] org.apache.catalina.core.StandardEngine  : Starting Servlet Engine: Apache Tomcat/8.0.30
2017-01-31 10:31:52.886  INFO 7504 --- [localhost-startStop-1] o.a.c.c.C.[Tomcat-1].[localhost].[/]     : Initializing Spring embedded WebApplicationContext
2017-01-31 10:31:52.887  INFO 7504 --- [localhost-startStop-1] o.s.web.context.ContextLoader            : Root WebApplicationContext: initialization completed in 1275 ms
2017-01-31 10:31:53.053  INFO 7504 --- [localhost-startStop-1] o.s.b.c.e.ServletRegistrationBean        : Mapping servlet: 'dispatcherServlet' to [/]
2017-01-31 10:31:53.057  INFO 7504 --- [localhost-startStop-1] o.s.b.c.embedded.FilterRegistrationBean  : Mapping filter: 'springSecurityFilterChain' to: [/*]
2017-01-31 10:31:54.744  INFO 7504 --- [main] o.s.b.a.e.mvc.EndpointHandlerMapping     : Mapped "{[/monitor/autoconfig || /monitor/autoconfig.json],methods=[GET],produces=[application/json]}" onto public java.lang.Object org.springframework.boot.actuate.endpoint.mvc.EndpointMvcAdapter.invoke()
2017-01-31 10:31:54.746  INFO 7504 --- [main] o.s.b.a.e.mvc.EndpointHandlerMapping     : Mapped "{[/monitor/trace || /monitor/trace.json],methods=[GET],produces=[application/json]}" onto public java.lang.Object org.springframework.boot.actuate.endpoint.mvc.EndpointMvcAdapter.invoke()
2017-01-31 10:31:55.076  INFO 7504 --- [main] o.s.b.a.e.mvc.EndpointHandlerMapping     : Mapped "{[/monitor/logfile || /monitor/logfile.json],methods=[GET || HEAD]}" onto public void org.springframework.boot.actuate.endpoint.mvc.LogFileMvcEndpoint.invoke(javax.servlet.http.HttpServletRequest,javax.servlet.http.HttpServletResponse) throws javax.servlet.ServletException,java.io.IOException
2017-01-31 10:31:55.382  INFO 7504 --- [main] o.s.b.a.e.mvc.EndpointHandlerMapping     : Mapped "{[/monitor/configprops || /monitor/configprops.json],methods=[GET],produces=[application/json]}" onto public java.lang.Object org.springframework.boot.actuate.endpoint.mvc.EndpointMvcAdapter.invoke()
2017-01-31 10:31:55.465  INFO 7504 --- [main] o.s.b.a.e.mvc.EndpointHandlerMapping     : Mapped "{[/monitor || /monitor.json],produces=[application/json]}" onto public org.springframework.hateoas.ResourceSupport org.springframework.boot.actuate.endpoint.mvc.HalJsonMvcEndpoint.links()
2017-01-31 10:31:55.473  INFO 7504 --- [main] o.s.b.a.e.mvc.EndpointHandlerMapping     : Mapped "{[/monitor/dump || /monitor/dump.json],methods=[GET],produces=[application/json]}" onto public java.lang.Object org.springframework.boot.actuate.endpoint.mvc.EndpointMvcAdapter.invoke()
2017-01-31 10:31:55.484  INFO 7504 --- [main] o.s.b.a.e.mvc.EndpointHandlerMapping     : Mapped "{[/monitor/docs],produces=[text/html]}" onto public java.lang.String org.springframework.boot.actuate.endpoint.mvc.DocsMvcEndpoint.redirect()
2017-01-31 10:31:55.485  INFO 7504 --- [main] o.s.b.a.e.mvc.EndpointHandlerMapping     : Mapped "{[/monitor/docs/],produces=[text/html]}" onto public java.lang.String org.springframework.boot.actuate.endpoint.mvc.DocsMvcEndpoint.browse()
2017-01-31 10:31:55.489  INFO 7504 --- [main] o.s.b.a.e.mvc.EndpointHandlerMapping     : Mapped "{[/monitor/health || /monitor/health.json],produces=[application/json]}" onto public java.lang.Object org.springframework.boot.actuate.endpoint.mvc.HealthMvcEndpoint.invoke(java.security.Principal)
2017-01-31 10:31:55.491  INFO 7504 --- [main] o.s.b.a.e.mvc.EndpointHandlerMapping     : Mapped "{[/monitor/liquibase || /monitor/liquibase.json],methods=[GET],produces=[application/json]}" onto public java.lang.Object org.springframework.boot.actuate.endpoint.mvc.EndpointMvcAdapter.invoke()
2017-01-31 10:31:55.499  INFO 7504 --- [main] o.s.b.a.e.mvc.EndpointHandlerMapping     : Mapped "{[/monitor/info || /monitor/info.json],methods=[GET],produces=[application/json]}" onto public java.lang.Object org.springframework.boot.actuate.endpoint.mvc.EndpointMvcAdapter.invoke()
2017-01-31 10:31:55.509  INFO 7504 --- [main] o.s.b.a.e.mvc.EndpointHandlerMapping     : Mapped "{[/monitor/metrics/{name:.*}],methods=[GET],produces=[application/json]}" onto public java.lang.Object org.springframework.boot.actuate.endpoint.mvc.MetricsMvcEndpoint.value(java.lang.String)
2017-01-31 10:31:55.510  INFO 7504 --- [main] o.s.b.a.e.mvc.EndpointHandlerMapping     : Mapped "{[/monitor/metrics || /monitor/metrics.json],methods=[GET],produces=[application/json]}" onto public java.lang.Object org.springframework.boot.actuate.endpoint.mvc.EndpointMvcAdapter.invoke()
2017-01-31 10:31:55.542  INFO 7504 --- [main] o.s.b.a.e.mvc.EndpointHandlerMapping     : Mapped "{[/monitor/shutdown || /monitor/shutdown.json],methods=[POST]}" onto public java.lang.Object org.springframework.boot.actuate.endpoint.mvc.ShutdownMvcEndpoint.invoke()
2017-01-31 10:31:55.558  INFO 7504 --- [main] o.s.b.a.e.mvc.EndpointHandlerMapping     : Mapped "{[/monitor/env/{name:.*}],methods=[GET],produces=[application/json]}" onto public java.lang.Object org.springframework.boot.actuate.endpoint.mvc.EnvironmentMvcEndpoint.value(java.lang.String)
2017-01-31 10:31:55.560  INFO 7504 --- [main] o.s.b.a.e.mvc.EndpointHandlerMapping     : Mapped "{[/monitor/env || /monitor/env.json],methods=[GET],produces=[application/json]}" onto public java.lang.Object org.springframework.boot.actuate.endpoint.mvc.EndpointMvcAdapter.invoke()
2017-01-31 10:31:55.567  INFO 7504 --- [main] o.s.b.a.e.mvc.EndpointHandlerMapping     : Mapped "{[/monitor/mappings || /monitor/mappings.json],methods=[GET],produces=[application/json]}" onto public java.lang.Object org.springframework.boot.actuate.endpoint.mvc.EndpointMvcAdapter.invoke()
2017-01-31 10:31:55.569  INFO 7504 --- [main] o.s.b.a.e.mvc.EndpointHandlerMapping     : Mapped "{[/monitor/spring || /monitor/spring.json],methods=[GET],produces=[application/json]}" onto public java.lang.Object org.springframework.boot.actuate.endpoint.mvc.EndpointMvcAdapter.invoke()
2017-01-31 10:31:55.819  INFO 7504 --- [main] o.s.w.s.handler.SimpleUrlHandlerMapping  : Mapped URL path [/monitor/docs/**] onto handler of type [class org.springframework.web.servlet.resource.ResourceHttpRequestHandler]
2017-01-31 10:31:55.821  INFO 7504 --- [main] o.s.w.s.handler.SimpleUrlHandlerMapping  : Mapped URL path [/webjars/**] onto handler of type [class org.springframework.web.servlet.resource.ResourceHttpRequestHandler]
2017-01-31 10:31:55.822  INFO 7504 --- [main] o.s.w.s.handler.SimpleUrlHandlerMapping  : Mapped URL path [/**] onto handler of type [class org.springframework.web.servlet.resource.ResourceHttpRequestHandler]
2017-01-31 10:31:55.871  INFO 7504 --- [main] s.w.s.m.m.a.RequestMappingHandlerAdapter : Looking for @ControllerAdvice: org.springframework.boot.context.embedded.AnnotationConfigEmbeddedWebApplicationContext@44a13699: startup date [Tue Jan 31 10:31:51 KST 2017]; parent: org.springframework.boot.context.embedded.AnnotationConfigEmbeddedWebApplicationContext@30c93896
2017-01-31 10:31:56.073  INFO 7504 --- [main] s.w.s.m.m.a.RequestMappingHandlerAdapter : Detected ResponseBodyAdvice bean in org.springframework.boot.actuate.autoconfigure.EndpointWebMvcHypermediaManagementContextConfiguration$ActuatorEndpointLinksAdvice
2017-01-31 10:31:56.095  INFO 7504 --- [main] s.w.s.m.m.a.RequestMappingHandlerMapping : Mapped "{[/error]}" onto public java.util.Map<java.lang.String, java.lang.Object> org.springframework.boot.actuate.endpoint.mvc.ManagementErrorEndpoint.invoke()
2017-01-31 10:31:58.659  INFO 7504 --- [main] s.b.c.e.t.TomcatEmbeddedServletContainer : Tomcat started on port(s): 8081 (http)
2017-01-31 10:31:58.676  INFO 7504 --- [main] o.s.c.support.DefaultLifecycleProcessor  : Starting beans in phase 0
2017-01-31 10:32:01.790  INFO 7504 --- [main] s.b.c.e.t.TomcatEmbeddedServletContainer : Tomcat started on port(s): 8080 (http)
2017-01-31 10:32:01.794  INFO 7504 --- [main] c.a.s.SpringBootWebActuatorApplication   : > DB에서 조회한 Persons: 
2017-01-31 10:32:04.159  INFO 7504 --- [main] c.a.s.SpringBootWebActuatorApplication   : Person (firstName=Bobs, lastName=Burguers)
2017-01-31 10:32:04.168  INFO 7504 --- [main] c.a.s.SpringBootWebActuatorApplication   : Started SpringBootWebActuatorApplication in 72.477 seconds (JVM running for 76.139)
2017-01-31 10:36:37.275  INFO 7504 --- [http-nio-8080-exec-1] o.a.c.c.C.[Tomcat].[localhost].[/]       : Initializing Spring FrameworkServlet 'dispatcherServlet'
2017-01-31 10:36:37.280  INFO 7504 --- [http-nio-8080-exec-1] o.s.web.servlet.DispatcherServlet        : FrameworkServlet 'dispatcherServlet': initialization started
2017-01-31 10:36:37.432  INFO 7504 --- [http-nio-8080-exec-1] o.s.web.servlet.DispatcherServlet        : FrameworkServlet 'dispatcherServlet': initialization completed in 150 ms
2017-01-31 10:46:30.390  INFO 7504 --- [RMI TCP Connection(2)-192.168.1.213] inMXBeanRegistrar$SpringApplicationAdmin : Application shutdown requested.
2017-01-31 10:46:30.847  INFO 7504 --- [RMI TCP Connection(2)-192.168.1.213] ationConfigEmbeddedWebApplicationContext : Closing org.springframework.boot.context.embedded.AnnotationConfigEmbeddedWebApplicationContext@30c93896: startup date [Tue Jan 31 10:30:57 KST 2017]; root of context hierarchy
2017-01-31 10:46:31.082  INFO 7504 --- [RMI TCP Connection(2)-192.168.1.213] ationConfigEmbeddedWebApplicationContext : Closing org.springframework.boot.context.embedded.AnnotationConfigEmbeddedWebApplicationContext@44a13699: startup date [Tue Jan 31 10:31:51 KST 2017]; parent: org.springframework.boot.context.embedded.AnnotationConfigEmbeddedWebApplicationContext@30c93896
2017-01-31 10:46:32.561  INFO 7504 --- [RMI TCP Connection(2)-192.168.1.213] o.s.c.support.DefaultLifecycleProcessor  : Stopping beans in phase 0
2017-01-31 10:46:32.589  INFO 7504 --- [RMI TCP Connection(2)-192.168.1.213] o.s.j.e.a.AnnotationMBeanExporter        : Unregistering JMX-exposed beans on shutdown
2017-01-31 10:46:32.604  INFO 7504 --- [RMI TCP Connection(2)-192.168.1.213] j.LocalContainerEntityManagerFactoryBean : Closing JPA EntityManagerFactory for persistence unit 'default'
2017-01-31 11:00:01.110  INFO 3548 --- [main] c.a.s.SpringBootWebActuatorApplication   : Starting SpringBootWebActuatorApplication on DESKTOP-BFBD443 with PID 3548 (started by jsolmom in D:\pub\14.Pro_Spring_Boot\예제코드(번역)\pro-spring-boot-master\ch11\spring-boot-web-actuator)
2017-01-31 11:00:01.120  INFO 3548 --- [main] c.a.s.SpringBootWebActuatorApplication   : No active profile set, falling back to default profiles: default
2017-01-31 11:00:01.407  INFO 3548 --- [main] ationConfigEmbeddedWebApplicationContext : Refreshing org.springframework.boot.context.embedded.AnnotationConfigEmbeddedWebApplicationContext@30c93896: startup date [Tue Jan 31 11:00:01 KST 2017]; root of context hierarchy
2017-01-31 11:00:14.318  INFO 3548 --- [main] o.s.b.f.s.DefaultListableBeanFactory     : Overriding bean definition for bean 'beanNameViewResolver' with a different definition: replacing [Root bean: class [null]; scope=; abstract=false; lazyInit=false; autowireMode=3; dependencyCheck=0; autowireCandidate=true; primary=false; factoryBeanName=org.springframework.boot.autoconfigure.web.ErrorMvcAutoConfiguration$WhitelabelErrorViewConfiguration; factoryMethodName=beanNameViewResolver; initMethodName=null; destroyMethodName=(inferred); defined in class path resource [org/springframework/boot/autoconfigure/web/ErrorMvcAutoConfiguration$WhitelabelErrorViewConfiguration.class]] with [Root bean: class [null]; scope=; abstract=false; lazyInit=false; autowireMode=3; dependencyCheck=0; autowireCandidate=true; primary=false; factoryBeanName=org.springframework.boot.autoconfigure.web.WebMvcAutoConfiguration$WebMvcAutoConfigurationAdapter; factoryMethodName=beanNameViewResolver; initMethodName=null; destroyMethodName=(inferred); defined in class path resource [org/springframework/boot/autoconfigure/web/WebMvcAutoConfiguration$WebMvcAutoConfigurationAdapter.class]]
2017-01-31 11:00:14.652  INFO 3548 --- [main] o.s.b.f.s.DefaultListableBeanFactory     : Overriding bean definition for bean 'ignoredPathsWebSecurityConfigurerAdapter' with a different definition: replacing [Root bean: class [null]; scope=; abstract=false; lazyInit=false; autowireMode=3; dependencyCheck=0; autowireCandidate=true; primary=false; factoryBeanName=org.springframework.boot.autoconfigure.security.SpringBootWebSecurityConfiguration; factoryMethodName=ignoredPathsWebSecurityConfigurerAdapter; initMethodName=null; destroyMethodName=(inferred); defined in class path resource [org/springframework/boot/autoconfigure/security/SpringBootWebSecurityConfiguration.class]] with [Root bean: class [null]; scope=; abstract=false; lazyInit=false; autowireMode=3; dependencyCheck=0; autowireCandidate=true; primary=false; factoryBeanName=org.springframework.boot.actuate.autoconfigure.ManagementWebSecurityAutoConfiguration; factoryMethodName=ignoredPathsWebSecurityConfigurerAdapter; initMethodName=null; destroyMethodName=(inferred); defined in class path resource [org/springframework/boot/actuate/autoconfigure/ManagementWebSecurityAutoConfiguration.class]]
2017-01-31 11:00:18.985  INFO 3548 --- [main] trationDelegate$BeanPostProcessorChecker : Bean 'org.springframework.transaction.annotation.ProxyTransactionManagementConfiguration' of type [class org.springframework.transaction.annotation.ProxyTransactionManagementConfiguration$$EnhancerBySpringCGLIB$$3a03e83] is not eligible for getting processed by all BeanPostProcessors (for example: not eligible for auto-proxying)
2017-01-31 11:00:21.512  INFO 3548 --- [main] s.b.c.e.t.TomcatEmbeddedServletContainer : Tomcat initialized with port(s): 8080 (http)
2017-01-31 11:00:21.550  INFO 3548 --- [main] o.apache.catalina.core.StandardService   : Starting service Tomcat
2017-01-31 11:00:21.565  INFO 3548 --- [main] org.apache.catalina.core.StandardEngine  : Starting Servlet Engine: Apache Tomcat/8.0.30
2017-01-31 11:00:22.709  INFO 3548 --- [localhost-startStop-1] o.a.c.c.C.[Tomcat].[localhost].[/]       : Initializing Spring embedded WebApplicationContext
2017-01-31 11:00:22.712  INFO 3548 --- [localhost-startStop-1] o.s.web.context.ContextLoader            : Root WebApplicationContext: initialization completed in 21315 ms
2017-01-31 11:00:26.549  INFO 3548 --- [localhost-startStop-1] o.s.b.c.embedded.FilterRegistrationBean  : Mapping filter: 'metricFilter' to: [/*]
2017-01-31 11:00:26.551  INFO 3548 --- [localhost-startStop-1] o.s.b.c.embedded.FilterRegistrationBean  : Mapping filter: 'characterEncodingFilter' to: [/*]
2017-01-31 11:00:26.560  INFO 3548 --- [localhost-startStop-1] o.s.b.c.embedded.FilterRegistrationBean  : Mapping filter: 'hiddenHttpMethodFilter' to: [/*]
2017-01-31 11:00:26.563  INFO 3548 --- [localhost-startStop-1] o.s.b.c.embedded.FilterRegistrationBean  : Mapping filter: 'httpPutFormContentFilter' to: [/*]
2017-01-31 11:00:26.567  INFO 3548 --- [localhost-startStop-1] o.s.b.c.embedded.FilterRegistrationBean  : Mapping filter: 'requestContextFilter' to: [/*]
2017-01-31 11:00:27.408  INFO 3548 --- [localhost-startStop-1] .e.DelegatingFilterProxyRegistrationBean : Mapping filter: 'springSecurityFilterChain' to: [/*]
2017-01-31 11:00:27.409  INFO 3548 --- [localhost-startStop-1] o.s.b.c.embedded.FilterRegistrationBean  : Mapping filter: 'webRequestLoggingFilter' to: [/*]
2017-01-31 11:00:27.411  INFO 3548 --- [localhost-startStop-1] o.s.b.c.embedded.FilterRegistrationBean  : Mapping filter: 'applicationContextIdFilter' to: [/*]
2017-01-31 11:00:27.412  INFO 3548 --- [localhost-startStop-1] o.s.b.c.e.ServletRegistrationBean        : Mapping servlet: 'dispatcherServlet' to [/]
2017-01-31 11:00:27.416  INFO 3548 --- [localhost-startStop-1] o.s.b.c.e.ServletRegistrationBean        : Mapping servlet: 'webServlet' to [/h2-console/*]
2017-01-31 11:00:34.453  INFO 3548 --- [localhost-startStop-1] b.a.s.AuthenticationManagerConfiguration : 

Using default security password: 9414be9e-2df4-4483-81c4-05152e50d48d

2017-01-31 11:00:35.885  INFO 3548 --- [localhost-startStop-1] o.s.s.web.DefaultSecurityFilterChain     : Creating filter chain: OrRequestMatcher [requestMatchers=[Ant [pattern='/css/**'], Ant [pattern='/js/**'], Ant [pattern='/images/**'], Ant [pattern='/**/favicon.ico'], Ant [pattern='/error'], Ant [pattern='/monitor/**']]], []
2017-01-31 11:00:36.508  INFO 3548 --- [localhost-startStop-1] o.s.s.web.DefaultSecurityFilterChain     : Creating filter chain: Ant [pattern='/h2-console/**'], [org.springframework.security.web.context.request.async.WebAsyncManagerIntegrationFilter@66bf1588, org.springframework.security.web.context.SecurityContextPersistenceFilter@752f7555, org.springframework.security.web.header.HeaderWriterFilter@fef3bdd, org.springframework.security.web.authentication.logout.LogoutFilter@2098bef5, org.springframework.security.web.authentication.www.BasicAuthenticationFilter@1235e1a5, org.springframework.security.web.savedrequest.RequestCacheAwareFilter@10aede60, org.springframework.security.web.servletapi.SecurityContextHolderAwareRequestFilter@68c99eaf, org.springframework.security.web.authentication.AnonymousAuthenticationFilter@5aba6d03, org.springframework.security.web.session.SessionManagementFilter@10f4fb33, org.springframework.security.web.access.ExceptionTranslationFilter@398be28e, org.springframework.security.web.access.intercept.FilterSecurityInterceptor@285c11ce]
2017-01-31 11:00:36.623  INFO 3548 --- [localhost-startStop-1] o.s.s.web.DefaultSecurityFilterChain     : Creating filter chain: OrRequestMatcher [requestMatchers=[Ant [pattern='/**']]], [org.springframework.security.web.context.request.async.WebAsyncManagerIntegrationFilter@748f4363, org.springframework.security.web.context.SecurityContextPersistenceFilter@600cfea9, org.springframework.security.web.header.HeaderWriterFilter@5d0af045, org.springframework.security.web.authentication.logout.LogoutFilter@6ef779be, org.springframework.security.web.authentication.www.BasicAuthenticationFilter@69893b7f, org.springframework.security.web.savedrequest.RequestCacheAwareFilter@5d9ec740, org.springframework.security.web.servletapi.SecurityContextHolderAwareRequestFilter@579c8c6e, org.springframework.security.web.authentication.AnonymousAuthenticationFilter@5716616f, org.springframework.security.web.session.SessionManagementFilter@4fbedd8e, org.springframework.security.web.access.ExceptionTranslationFilter@597c9a62, org.springframework.security.web.access.intercept.FilterSecurityInterceptor@457662d]
2017-01-31 11:00:54.664  INFO 3548 --- [main] j.LocalContainerEntityManagerFactoryBean : Building JPA container EntityManagerFactory for persistence unit 'default'
2017-01-31 11:00:54.802  INFO 3548 --- [main] o.hibernate.jpa.internal.util.LogHelper  : HHH000204: Processing PersistenceUnitInfo [
	name: default
	...]
2017-01-31 11:00:55.403  INFO 3548 --- [main] org.hibernate.Version                    : HHH000412: Hibernate Core {4.3.11.Final}
2017-01-31 11:00:55.419  INFO 3548 --- [main] org.hibernate.cfg.Environment            : HHH000206: hibernate.properties not found
2017-01-31 11:00:55.435  INFO 3548 --- [main] org.hibernate.cfg.Environment            : HHH000021: Bytecode provider name : javassist
2017-01-31 11:00:56.853  INFO 3548 --- [main] o.hibernate.annotations.common.Version   : HCANN000001: Hibernate Commons Annotations {4.0.5.Final}
2017-01-31 11:00:57.307  INFO 3548 --- [main] org.hibernate.dialect.Dialect            : HHH000400: Using dialect: org.hibernate.dialect.H2Dialect
2017-01-31 11:00:57.855  INFO 3548 --- [main] o.h.h.i.ast.ASTQueryTranslatorFactory    : HHH000397: Using ASTQueryTranslatorFactory
2017-01-31 11:01:01.327  INFO 3548 --- [main] s.w.s.m.m.a.RequestMappingHandlerAdapter : Looking for @ControllerAdvice: org.springframework.boot.context.embedded.AnnotationConfigEmbeddedWebApplicationContext@30c93896: startup date [Tue Jan 31 11:00:01 KST 2017]; root of context hierarchy
2017-01-31 11:01:02.646  INFO 3548 --- [main] s.w.s.m.m.a.RequestMappingHandlerMapping : Mapped "{[/]}" onto public java.lang.String com.apress.spring.SpringBootWebActuatorApplication.index()
2017-01-31 11:01:02.655  INFO 3548 --- [main] s.w.s.m.m.a.RequestMappingHandlerMapping : Mapped "{[/error]}" onto public org.springframework.http.ResponseEntity<java.util.Map<java.lang.String, java.lang.Object>> org.springframework.boot.autoconfigure.web.BasicErrorController.error(javax.servlet.http.HttpServletRequest)
2017-01-31 11:01:02.658  INFO 3548 --- [main] s.w.s.m.m.a.RequestMappingHandlerMapping : Mapped "{[/error],produces=[text/html]}" onto public org.springframework.web.servlet.ModelAndView org.springframework.boot.autoconfigure.web.BasicErrorController.errorHtml(javax.servlet.http.HttpServletRequest,javax.servlet.http.HttpServletResponse)
2017-01-31 11:01:03.314  INFO 3548 --- [main] o.s.w.s.handler.SimpleUrlHandlerMapping  : Mapped URL path [/webjars/**] onto handler of type [class org.springframework.web.servlet.resource.ResourceHttpRequestHandler]
2017-01-31 11:01:03.316  INFO 3548 --- [main] o.s.w.s.handler.SimpleUrlHandlerMapping  : Mapped URL path [/**] onto handler of type [class org.springframework.web.servlet.resource.ResourceHttpRequestHandler]
2017-01-31 11:01:03.957  INFO 3548 --- [main] o.s.w.s.handler.SimpleUrlHandlerMapping  : Mapped URL path [/**/favicon.ico] onto handler of type [class org.springframework.web.servlet.resource.ResourceHttpRequestHandler]
2017-01-31 11:01:06.744  INFO 3548 --- [main] o.s.j.e.a.AnnotationMBeanExporter        : Registering beans for JMX exposure on startup
2017-01-31 11:01:06.796  INFO 3548 --- [main] ationConfigEmbeddedWebApplicationContext : Refreshing org.springframework.boot.context.embedded.AnnotationConfigEmbeddedWebApplicationContext@33e4068: startup date [Tue Jan 31 11:01:06 KST 2017]; parent: org.springframework.boot.context.embedded.AnnotationConfigEmbeddedWebApplicationContext@30c93896
2017-01-31 11:01:08.657  INFO 3548 --- [main] o.s.b.f.s.DefaultListableBeanFactory     : Overriding bean definition for bean 'handlerExceptionResolver' with a different definition: replacing [Root bean: class [null]; scope=; abstract=false; lazyInit=false; autowireMode=3; dependencyCheck=0; autowireCandidate=true; primary=false; factoryBeanName=org.springframework.web.servlet.config.annotation.DelegatingWebMvcConfiguration; factoryMethodName=handlerExceptionResolver; initMethodName=null; destroyMethodName=(inferred); defined in class org.springframework.web.servlet.config.annotation.DelegatingWebMvcConfiguration] with [Root bean: class [null]; scope=; abstract=false; lazyInit=false; autowireMode=3; dependencyCheck=0; autowireCandidate=true; primary=false; factoryBeanName=endpointWebMvcChildContextConfiguration; factoryMethodName=compositeHandlerExceptionResolver; initMethodName=null; destroyMethodName=(inferred); defined in org.springframework.boot.actuate.autoconfigure.EndpointWebMvcChildContextConfiguration]
2017-01-31 11:01:08.907  INFO 3548 --- [main] s.b.c.e.t.TomcatEmbeddedServletContainer : Tomcat initialized with port(s): 8081 (http)
2017-01-31 11:01:08.915  INFO 3548 --- [main] o.apache.catalina.core.StandardService   : Starting service Tomcat
2017-01-31 11:01:08.917  INFO 3548 --- [main] org.apache.catalina.core.StandardEngine  : Starting Servlet Engine: Apache Tomcat/8.0.30
2017-01-31 11:01:09.102  INFO 3548 --- [localhost-startStop-1] o.a.c.c.C.[Tomcat-1].[localhost].[/]     : Initializing Spring embedded WebApplicationContext
2017-01-31 11:01:09.103  INFO 3548 --- [localhost-startStop-1] o.s.web.context.ContextLoader            : Root WebApplicationContext: initialization completed in 2307 ms
2017-01-31 11:01:09.244  INFO 3548 --- [localhost-startStop-1] o.s.b.c.e.ServletRegistrationBean        : Mapping servlet: 'dispatcherServlet' to [/]
2017-01-31 11:01:09.251  INFO 3548 --- [localhost-startStop-1] o.s.b.c.embedded.FilterRegistrationBean  : Mapping filter: 'springSecurityFilterChain' to: [/*]
2017-01-31 11:01:09.662  INFO 3548 --- [main] o.s.b.a.e.mvc.EndpointHandlerMapping     : Mapped "{[/monitor/metrics/{name:.*}],methods=[GET],produces=[application/json]}" onto public java.lang.Object org.springframework.boot.actuate.endpoint.mvc.MetricsMvcEndpoint.value(java.lang.String)
2017-01-31 11:01:09.664  INFO 3548 --- [main] o.s.b.a.e.mvc.EndpointHandlerMapping     : Mapped "{[/monitor/metrics || /monitor/metrics.json],methods=[GET],produces=[application/json]}" onto public java.lang.Object org.springframework.boot.actuate.endpoint.mvc.EndpointMvcAdapter.invoke()
2017-01-31 11:01:09.668  INFO 3548 --- [main] o.s.b.a.e.mvc.EndpointHandlerMapping     : Mapped "{[/monitor || /monitor.json],produces=[application/json]}" onto public org.springframework.hateoas.ResourceSupport org.springframework.boot.actuate.endpoint.mvc.HalJsonMvcEndpoint.links()
2017-01-31 11:01:09.676  INFO 3548 --- [main] o.s.b.a.e.mvc.EndpointHandlerMapping     : Mapped "{[/monitor/configprops || /monitor/configprops.json],methods=[GET],produces=[application/json]}" onto public java.lang.Object org.springframework.boot.actuate.endpoint.mvc.EndpointMvcAdapter.invoke()
2017-01-31 11:01:09.704  INFO 3548 --- [main] o.s.b.a.e.mvc.EndpointHandlerMapping     : Mapped "{[/monitor/env/{name:.*}],methods=[GET],produces=[application/json]}" onto public java.lang.Object org.springframework.boot.actuate.endpoint.mvc.EnvironmentMvcEndpoint.value(java.lang.String)
2017-01-31 11:01:09.711  INFO 3548 --- [main] o.s.b.a.e.mvc.EndpointHandlerMapping     : Mapped "{[/monitor/env || /monitor/env.json],methods=[GET],produces=[application/json]}" onto public java.lang.Object org.springframework.boot.actuate.endpoint.mvc.EndpointMvcAdapter.invoke()
2017-01-31 11:01:09.718  INFO 3548 --- [main] o.s.b.a.e.mvc.EndpointHandlerMapping     : Mapped "{[/monitor/info || /monitor/info.json],methods=[GET],produces=[application/json]}" onto public java.lang.Object org.springframework.boot.actuate.endpoint.mvc.EndpointMvcAdapter.invoke()
2017-01-31 11:01:09.720  INFO 3548 --- [main] o.s.b.a.e.mvc.EndpointHandlerMapping     : Mapped "{[/monitor/autoconfig || /monitor/autoconfig.json],methods=[GET],produces=[application/json]}" onto public java.lang.Object org.springframework.boot.actuate.endpoint.mvc.EndpointMvcAdapter.invoke()
2017-01-31 11:01:09.723  INFO 3548 --- [main] o.s.b.a.e.mvc.EndpointHandlerMapping     : Mapped "{[/monitor/shutdown || /monitor/shutdown.json],methods=[POST]}" onto public java.lang.Object org.springframework.boot.actuate.endpoint.mvc.ShutdownMvcEndpoint.invoke()
2017-01-31 11:01:09.733  INFO 3548 --- [main] o.s.b.a.e.mvc.EndpointHandlerMapping     : Mapped "{[/monitor/mappings || /monitor/mappings.json],methods=[GET],produces=[application/json]}" onto public java.lang.Object org.springframework.boot.actuate.endpoint.mvc.EndpointMvcAdapter.invoke()
2017-01-31 11:01:09.744  INFO 3548 --- [main] o.s.b.a.e.mvc.EndpointHandlerMapping     : Mapped "{[/monitor/spring || /monitor/spring.json],methods=[GET],produces=[application/json]}" onto public java.lang.Object org.springframework.boot.actuate.endpoint.mvc.EndpointMvcAdapter.invoke()
2017-01-31 11:01:09.754  INFO 3548 --- [main] o.s.b.a.e.mvc.EndpointHandlerMapping     : Mapped "{[/monitor/logfile || /monitor/logfile.json],methods=[GET || HEAD]}" onto public void org.springframework.boot.actuate.endpoint.mvc.LogFileMvcEndpoint.invoke(javax.servlet.http.HttpServletRequest,javax.servlet.http.HttpServletResponse) throws javax.servlet.ServletException,java.io.IOException
2017-01-31 11:01:09.756  INFO 3548 --- [main] o.s.b.a.e.mvc.EndpointHandlerMapping     : Mapped "{[/monitor/trace || /monitor/trace.json],methods=[GET],produces=[application/json]}" onto public java.lang.Object org.springframework.boot.actuate.endpoint.mvc.EndpointMvcAdapter.invoke()
2017-01-31 11:01:09.766  INFO 3548 --- [main] o.s.b.a.e.mvc.EndpointHandlerMapping     : Mapped "{[/monitor/dump || /monitor/dump.json],methods=[GET],produces=[application/json]}" onto public java.lang.Object org.springframework.boot.actuate.endpoint.mvc.EndpointMvcAdapter.invoke()
2017-01-31 11:01:09.771  INFO 3548 --- [main] o.s.b.a.e.mvc.EndpointHandlerMapping     : Mapped "{[/monitor/health || /monitor/health.json],produces=[application/json]}" onto public java.lang.Object org.springframework.boot.actuate.endpoint.mvc.HealthMvcEndpoint.invoke(java.security.Principal)
2017-01-31 11:01:09.781  INFO 3548 --- [main] o.s.b.a.e.mvc.EndpointHandlerMapping     : Mapped "{[/monitor/docs/],produces=[text/html]}" onto public java.lang.String org.springframework.boot.actuate.endpoint.mvc.DocsMvcEndpoint.browse()
2017-01-31 11:01:09.782  INFO 3548 --- [main] o.s.b.a.e.mvc.EndpointHandlerMapping     : Mapped "{[/monitor/docs],produces=[text/html]}" onto public java.lang.String org.springframework.boot.actuate.endpoint.mvc.DocsMvcEndpoint.redirect()
2017-01-31 11:01:09.784  INFO 3548 --- [main] o.s.b.a.e.mvc.EndpointHandlerMapping     : Mapped "{[/monitor/liquibase || /monitor/liquibase.json],methods=[GET],produces=[application/json]}" onto public java.lang.Object org.springframework.boot.actuate.endpoint.mvc.EndpointMvcAdapter.invoke()
2017-01-31 11:01:10.466  INFO 3548 --- [main] s.w.s.m.m.a.RequestMappingHandlerAdapter : Looking for @ControllerAdvice: org.springframework.boot.context.embedded.AnnotationConfigEmbeddedWebApplicationContext@33e4068: startup date [Tue Jan 31 11:01:06 KST 2017]; parent: org.springframework.boot.context.embedded.AnnotationConfigEmbeddedWebApplicationContext@30c93896
2017-01-31 11:01:10.711  INFO 3548 --- [main] s.w.s.m.m.a.RequestMappingHandlerAdapter : Detected ResponseBodyAdvice bean in org.springframework.boot.actuate.autoconfigure.EndpointWebMvcHypermediaManagementContextConfiguration$ActuatorEndpointLinksAdvice
2017-01-31 11:01:10.723  INFO 3548 --- [main] o.s.w.s.handler.SimpleUrlHandlerMapping  : Mapped URL path [/monitor/docs/**] onto handler of type [class org.springframework.web.servlet.resource.ResourceHttpRequestHandler]
2017-01-31 11:01:10.723  INFO 3548 --- [main] o.s.w.s.handler.SimpleUrlHandlerMapping  : Mapped URL path [/webjars/**] onto handler of type [class org.springframework.web.servlet.resource.ResourceHttpRequestHandler]
2017-01-31 11:01:10.723  INFO 3548 --- [main] o.s.w.s.handler.SimpleUrlHandlerMapping  : Mapped URL path [/**] onto handler of type [class org.springframework.web.servlet.resource.ResourceHttpRequestHandler]
2017-01-31 11:01:10.941  INFO 3548 --- [main] s.w.s.m.m.a.RequestMappingHandlerMapping : Mapped "{[/error]}" onto public java.util.Map<java.lang.String, java.lang.Object> org.springframework.boot.actuate.endpoint.mvc.ManagementErrorEndpoint.invoke()
2017-01-31 11:01:12.650  INFO 3548 --- [main] s.b.c.e.t.TomcatEmbeddedServletContainer : Tomcat started on port(s): 8081 (http)
2017-01-31 11:01:12.688  INFO 3548 --- [main] o.s.c.support.DefaultLifecycleProcessor  : Starting beans in phase 0
2017-01-31 11:01:13.236  INFO 3548 --- [main] s.b.c.e.t.TomcatEmbeddedServletContainer : Tomcat started on port(s): 8080 (http)
2017-01-31 11:01:13.240  INFO 3548 --- [main] c.a.s.SpringBootWebActuatorApplication   : > DB에서 조회한 Persons: 
2017-01-31 11:01:14.321  INFO 3548 --- [main] c.a.s.SpringBootWebActuatorApplication   : Person (firstName=Bobs, lastName=Burguers)
2017-01-31 11:01:14.331  INFO 3548 --- [main] c.a.s.SpringBootWebActuatorApplication   : Started SpringBootWebActuatorApplication in 82.518 seconds (JVM running for 85.221)
2017-01-31 11:01:50.960  INFO 3548 --- [http-nio-8080-exec-1] o.a.c.c.C.[Tomcat].[localhost].[/]       : Initializing Spring FrameworkServlet 'dispatcherServlet'
2017-01-31 11:01:50.960  INFO 3548 --- [http-nio-8080-exec-1] o.s.web.servlet.DispatcherServlet        : FrameworkServlet 'dispatcherServlet': initialization started
2017-01-31 11:01:51.281  INFO 3548 --- [http-nio-8080-exec-1] o.s.web.servlet.DispatcherServlet        : FrameworkServlet 'dispatcherServlet': initialization completed in 319 ms
2017-01-31 11:21:07.589  INFO 3548 --- [RMI TCP Connection(2)-192.168.1.213] inMXBeanRegistrar$SpringApplicationAdmin : Application shutdown requested.
2017-01-31 11:21:07.607  INFO 3548 --- [RMI TCP Connection(2)-192.168.1.213] ationConfigEmbeddedWebApplicationContext : Closing org.springframework.boot.context.embedded.AnnotationConfigEmbeddedWebApplicationContext@30c93896: startup date [Tue Jan 31 11:00:01 KST 2017]; root of context hierarchy
2017-01-31 11:21:07.639  INFO 3548 --- [RMI TCP Connection(2)-192.168.1.213] ationConfigEmbeddedWebApplicationContext : Closing org.springframework.boot.context.embedded.AnnotationConfigEmbeddedWebApplicationContext@33e4068: startup date [Tue Jan 31 11:01:06 KST 2017]; parent: org.springframework.boot.context.embedded.AnnotationConfigEmbeddedWebApplicationContext@30c93896
2017-01-31 11:21:07.975  INFO 3548 --- [RMI TCP Connection(2)-192.168.1.213] o.s.c.support.DefaultLifecycleProcessor  : Stopping beans in phase 0
2017-01-31 11:21:07.995  INFO 3548 --- [RMI TCP Connection(2)-192.168.1.213] o.s.j.e.a.AnnotationMBeanExporter        : Unregistering JMX-exposed beans on shutdown
2017-01-31 11:21:08.064  INFO 3548 --- [RMI TCP Connection(2)-192.168.1.213] j.LocalContainerEntityManagerFactoryBean : Closing JPA EntityManagerFactory for persistence unit 'default'
